<?xml version="1.0" encoding="UTF-8"?>
<!-- Generated by org.testng.reporters.JUnitXMLReporter -->
<testsuite hostname="BUE1NB314" ignored="0" name="static-content-suite-tests2" tests="7" failures="1" timestamp="28 Nov 2019 19:03:58 GMT" time="6.57" errors="0">
  <testcase name="verifyCurrency" time="2.768" classname="BackEndTests.BE_Tests"/>
  <testcase name="verifyFreeShipping" time="0.765" classname="BackEndTests.BE_Tests"/>
  <testcase name="verifyMercadoPago" time="0.726" classname="BackEndTests.BE_Tests"/>
  <testcase name="verifyProductPrice" time="0.695" classname="BackEndTests.BE_Tests"/>
  <testcase name="verifyProductTitle" time="0.712" classname="BackEndTests.BE_Tests"/>
  <testcase name="verifyProductsPaging" time="0.491" classname="BackEndTests.BE_Tests">
    <failure type="java.lang.AssertionError" message="expected [true] but found [false]">
      <![CDATA[java.lang.AssertionError: expected [true] but found [false]
at BackEndTests.BE_Tests.verifyProductsPaging(BE_Tests.java:47)
... Removed 29 stack frames]]>
    </failure>
  </testcase> <!-- verifyProductsPaging -->
  <testcase name="verifyProductsTotal" time="0.406" classname="BackEndTests.BE_Tests"/>
</testsuite> <!-- static-content-suite-tests2 -->
