<?xml version="1.0" encoding="UTF-8"?>
<!-- Generated by org.testng.reporters.JUnitXMLReporter -->
<testsuite hostname="BUE1NB314" ignored="0" name="static-content-suite-tests" tests="7" failures="1" timestamp="28 Nov 2019 19:40:48 GMT" time="6.612" errors="0">
  <testcase name="verifyCurrency" time="2.882" classname="BackEndTests.BE_Tests"/>
  <testcase name="verifyFreeShipping" time="0.834" classname="BackEndTests.BE_Tests"/>
  <testcase name="verifyMercadoPago" time="0.675" classname="BackEndTests.BE_Tests"/>
  <testcase name="verifyProductPrice" time="0.69" classname="BackEndTests.BE_Tests"/>
  <testcase name="verifyProductTitle" time="0.65" classname="BackEndTests.BE_Tests"/>
  <testcase name="verifyProductsPaging" time="0.435" classname="BackEndTests.BE_Tests">
    <failure type="java.lang.AssertionError" message="expected [true] but found [false]">
      <![CDATA[java.lang.AssertionError: expected [true] but found [false]
at BackEndTests.BE_Tests.verifyProductsPaging(BE_Tests.java:47)
... Removed 30 stack frames]]>
    </failure>
  </testcase> <!-- verifyProductsPaging -->
  <testcase name="verifyProductsTotal" time="0.422" classname="BackEndTests.BE_Tests"/>
</testsuite> <!-- static-content-suite-tests -->
