<?xml version="1.0" encoding="UTF-8"?>
<!-- Generated by org.testng.reporters.JUnitXMLReporter -->
<testsuite hostname="BUE1NB314" ignored="0" name="MLTests" tests="7" failures="1" timestamp="28 Nov 2019 20:24:08 GMT" time="7.134" errors="0">
  <testcase name="verifyCurrency" time="3.013" classname="BackEndTests.BE_Tests"/>
  <testcase name="verifyFreeShipping" time="0.911" classname="BackEndTests.BE_Tests"/>
  <testcase name="verifyMercadoPago" time="0.673" classname="BackEndTests.BE_Tests"/>
  <testcase name="verifyProductPrice" time="0.686" classname="BackEndTests.BE_Tests"/>
  <testcase name="verifyProductTitle" time="0.769" classname="BackEndTests.BE_Tests"/>
  <testcase name="verifyProductsPaging" time="0.581" classname="BackEndTests.BE_Tests">
    <failure type="java.lang.AssertionError" message="expected [true] but found [false]">
      <![CDATA[java.lang.AssertionError: expected [true] but found [false]
at BackEndTests.BE_Tests.verifyProductsPaging(BE_Tests.java:47)
... Removed 30 stack frames]]>
    </failure>
  </testcase> <!-- verifyProductsPaging -->
  <testcase name="verifyProductsTotal" time="0.477" classname="BackEndTests.BE_Tests"/>
</testsuite> <!-- MLTests -->
