<?xml version="1.0" encoding="UTF-8"?>
<!-- Generated by org.testng.reporters.JUnitXMLReporter -->
<testsuite hostname="BUE1NB314" ignored="0" name="MLTests-Chrome" tests="9" failures="2" timestamp="29 Nov 2019 17:33:47 GMT" time="47.205" errors="0">
  <testcase name="ejercicio2" time="7.341" classname="FrontEndTests.FE_Tests"/>
  <testcase name="verifyPrices" time="5.375" classname="FrontEndTests.FE_Tests">
    <failure type="java.lang.AssertionError" message="The following asserts failed:
	expected [true] but found [false]">
      <![CDATA[java.lang.AssertionError: The following asserts failed:
expected [true] but found [false]
at FrontEndTests.FE_Tests.verifyPrices(FE_Tests.java:289)
... Removed 27 stack frames]]>
    </failure>
  </testcase> <!-- verifyPrices -->
  <testcase name="verifyShipment" time="4.093" classname="FrontEndTests.FE_Tests">
    <failure type="java.lang.AssertionError" message="The following asserts failed:
	expected [true] but found [false],
	expected [true] but found [false],
	expected [true] but found [false],
	expected [true] but found [false],
	expected [true] but found [false]">
      <![CDATA[java.lang.AssertionError: The following asserts failed:
expected [true] but found [false],
expected [true] but found [false],
expected [true] but found [false],
expected [true] but found [false],
expected [true] but found [false]
at FrontEndTests.FE_Tests.verifyShipment(FE_Tests.java:327)
... Removed 27 stack frames]]>
    </failure>
  </testcase> <!-- verifyShipment -->
  <testcase name="verifySmartCellsGrid" time="6.843" classname="FrontEndTests.FE_Tests"/>
  <testcase name="verifySubCategoryBebes" time="3.743" classname="FrontEndTests.FE_Tests"/>
  <testcase name="verifySubCategoryCS" time="4.26" classname="FrontEndTests.FE_Tests"/>
  <testcase name="verifySubCategoryClimatizacion" time="3.513" classname="FrontEndTests.FE_Tests"/>
  <testcase name="verifySubCategoryDrones" time="3.754" classname="FrontEndTests.FE_Tests"/>
  <testcase name="verifySubCategoryTextiles" time="3.649" classname="FrontEndTests.FE_Tests"/>
</testsuite> <!-- MLTests-Chrome -->
